<?xml version="1.0" encoding="UTF-8"?>
<!-- Generated by org.testng.reporters.JUnitReportReporter -->
<testsuite hostname="AMx12" name="testSel.testSel.checkURLQA" tests="1" failures="0" timestamp="9 Jan 2018 13:52:23 GMT" time="28.886" errors="0">
  <testcase name="qaURLff" time="28.886" classname="testSel.testSel.checkURLQA"/>
</testsuite> <!-- testSel.testSel.checkURLQA -->
